	Command being timed: "python tool.py --version PD-single-LPath --config configs/geller_experiment.json --file_path Geller_reference.txt --oligo_lmin 240 --oligo_lmax 260"
	User time (seconds): 380.66
	System time (seconds): 17.07
	Percent of CPU this job got: 103%
	Elapsed (wall clock) time (h:mm:ss or m:ss): 6:23.76
	Average shared text size (kbytes): 0
	Average unshared data size (kbytes): 0
	Average stack size (kbytes): 0
	Average total size (kbytes): 0
	Maximum resident set size (kbytes): 12808724
	Average resident set size (kbytes): 0
	Major (requiring I/O) page faults: 33
	Minor (reclaiming a frame) page faults: 13215303
	Voluntary context switches: 1786
	Involuntary context switches: 3908
	Swaps: 0
	File system inputs: 5232
	File system outputs: 24
	Socket messages sent: 0
	Socket messages received: 0
	Signals delivered: 0
	Page size (bytes): 4096
	Exit status: 0
