	Command being timed: "python tool.py --version PD-single-LPath --file_path SPAP_reference.txt"
	User time (seconds): 103.60
	System time (seconds): 2.15
	Percent of CPU this job got: 117%
	Elapsed (wall clock) time (h:mm:ss or m:ss): 1:30.20
	Average shared text size (kbytes): 0
	Average unshared data size (kbytes): 0
	Average stack size (kbytes): 0
	Average total size (kbytes): 0
	Maximum resident set size (kbytes): 2764876
	Average resident set size (kbytes): 0
	Major (requiring I/O) page faults: 30
	Minor (reclaiming a frame) page faults: 1120787
	Voluntary context switches: 3147
	Involuntary context switches: 5826
	Swaps: 0
	File system inputs: 5104
	File system outputs: 24
	Socket messages sent: 0
	Socket messages received: 0
	Signals delivered: 0
	Page size (bytes): 4096
	Exit status: 0
