/home/dsi/mandljo/miniconda3/envs/primalscheme_env/lib/python3.9/site-packages/primer3/bindings.py:489: UserWarning: Function deprecated please use "calc_tm" instead
  return THERMO_ANALYSIS.calcTm(seq)
/home/dsi/mandljo/miniconda3/envs/primalscheme_env/lib/python3.9/site-packages/primer3/bindings.py:135: UserWarning: Function deprecated please use "calc_hairpin" instead
  return THERMO_ANALYSIS.calcHairpin(seq, output_structure).check_exc()
/home/dsi/mandljo/miniconda3/envs/primalscheme_env/lib/python3.9/site-packages/primer3/bindings.py:305: UserWarning: Function deprecated please use "calc_heterodimer" instead
  return THERMO_ANALYSIS.calcHeterodimer(
	Command being timed: "primalscheme multiplex SPAP_reference.fa -a 180 -a 220"
	User time (seconds): 17.64
	System time (seconds): 0.16
	Percent of CPU this job got: 562%
	Elapsed (wall clock) time (h:mm:ss or m:ss): 0:03.16
	Average shared text size (kbytes): 0
	Average unshared data size (kbytes): 0
	Average stack size (kbytes): 0
	Average total size (kbytes): 0
	Maximum resident set size (kbytes): 60416
	Average resident set size (kbytes): 0
	Major (requiring I/O) page faults: 89
	Minor (reclaiming a frame) page faults: 31100
	Voluntary context switches: 1724
	Involuntary context switches: 2622
	Swaps: 0
	File system inputs: 19136
	File system outputs: 152
	Socket messages sent: 0
	Socket messages received: 0
	Signals delivered: 0
	Page size (bytes): 4096
	Exit status: 0
